<?xml version="1.0" encoding="UTF-8"?>
<!-- Generated by org.testng.reporters.JUnitXMLReporter -->
<testsuite ignored="0" hostname="DESKTOP-HH25O9G" failures="0" tests="3" name="Default test" time="0.133" errors="0" timestamp="2024-08-30T11:37:54 IST">
  <testcase classname="com.appDemo.Test.TestDemo" name="TestCase1" time="0.017"/>
  <testcase classname="com.appDemo.Test.TestDemo" name="TestCase2" time="0.002"/>
  <testcase classname="com.appDemo.Test.TestDemo" name="TestCase3" time="0.012"/>
</testsuite> <!-- Default test -->
