<?xml version="1.0" encoding="UTF-8"?>
<!-- Generated by org.testng.reporters.JUnitXMLReporter -->
<testsuite ignored="0" hostname="DESKTOP-HH25O9G" failures="0" tests="6" name="Test" time="0.103" errors="0" timestamp="2024-08-30T12:29:49 IST">
  <testcase classname="com.appDemo.Test.TestDemo" name="TestCase1" time="0.008"/>
  <testcase classname="com.appDemo.Test.TestDemo" name="TestCase2" time="0.001"/>
  <testcase classname="com.appDemo.Test.TestDemo" name="TestCase3" time="0.0"/>
  <testcase classname="com.appDemo.Test.TestDemo1" name="TestCase4" time="0.0"/>
  <testcase classname="com.appDemo.Test.TestDemo1" name="TestCase5" time="0.001"/>
  <testcase classname="com.appDemo.Test.TestDemo1" name="TestCase6" time="0.002"/>
</testsuite> <!-- Test -->
