<?xml version="1.0" encoding="UTF-8"?>
<testng-results ignored="0" total="6" passed="6" failed="0" skipped="0">
  <reporter-output>
  </reporter-output>
  <suite started-at="2024-08-30T12:29:49 IST" name="Suite" finished-at="2024-08-30T12:29:49 IST" duration-ms="103">
    <groups>
    </groups>
    <test started-at="2024-08-30T12:29:49 IST" name="Test" finished-at="2024-08-30T12:29:49 IST" duration-ms="103">
      <class name="com.appDemo.Test.TestDemo1">
        <test-method signature="TestCase4()[pri:0, instance:com.appDemo.Test.TestDemo1@7714e963]" started-at="2024-08-30T12:29:49 IST" name="TestCase4" finished-at="2024-08-30T12:29:49 IST" duration-ms="0" status="PASS">
          <reporter-output>
          </reporter-output>
        </test-method> <!-- TestCase4 -->
        <test-method signature="TestCase5()[pri:0, instance:com.appDemo.Test.TestDemo1@7714e963]" started-at="2024-08-30T12:29:49 IST" name="TestCase5" finished-at="2024-08-30T12:29:49 IST" duration-ms="1" status="PASS">
          <reporter-output>
          </reporter-output>
        </test-method> <!-- TestCase5 -->
        <test-method signature="TestCase6()[pri:0, instance:com.appDemo.Test.TestDemo1@7714e963]" started-at="2024-08-30T12:29:49 IST" name="TestCase6" finished-at="2024-08-30T12:29:49 IST" duration-ms="2" status="PASS">
          <reporter-output>
          </reporter-output>
        </test-method> <!-- TestCase6 -->
      </class> <!-- com.appDemo.Test.TestDemo1 -->
      <class name="com.appDemo.Test.TestDemo">
        <test-method signature="TestCase1()[pri:0, instance:com.appDemo.Test.TestDemo@1ea9f6af]" started-at="2024-08-30T12:29:49 IST" name="TestCase1" finished-at="2024-08-30T12:29:49 IST" duration-ms="8" status="PASS">
          <reporter-output>
          </reporter-output>
        </test-method> <!-- TestCase1 -->
        <test-method signature="TestCase2()[pri:0, instance:com.appDemo.Test.TestDemo@1ea9f6af]" started-at="2024-08-30T12:29:49 IST" name="TestCase2" finished-at="2024-08-30T12:29:49 IST" duration-ms="1" status="PASS">
          <reporter-output>
          </reporter-output>
        </test-method> <!-- TestCase2 -->
        <test-method signature="TestCase3()[pri:0, instance:com.appDemo.Test.TestDemo@1ea9f6af]" started-at="2024-08-30T12:29:49 IST" name="TestCase3" finished-at="2024-08-30T12:29:49 IST" duration-ms="0" status="PASS">
          <reporter-output>
          </reporter-output>
        </test-method> <!-- TestCase3 -->
      </class> <!-- com.appDemo.Test.TestDemo -->
    </test> <!-- Test -->
  </suite> <!-- Suite -->
</testng-results>
