<?xml version="1.0" encoding="UTF-8"?>
<testng-results ignored="0" total="3" passed="3" failed="0" skipped="0">
  <reporter-output>
  </reporter-output>
  <suite started-at="2024-08-30T11:37:54 IST" name="Default suite" finished-at="2024-08-30T11:37:54 IST" duration-ms="133">
    <groups>
    </groups>
    <test started-at="2024-08-30T11:37:54 IST" name="Default test" finished-at="2024-08-30T11:37:54 IST" duration-ms="133">
      <class name="com.appDemo.Test.TestDemo">
        <test-method signature="TestCase1()[pri:0, instance:com.appDemo.Test.TestDemo@3ba987b8]" started-at="2024-08-30T11:37:54 IST" name="TestCase1" finished-at="2024-08-30T11:37:54 IST" duration-ms="17" status="PASS">
          <reporter-output>
          </reporter-output>
        </test-method> <!-- TestCase1 -->
        <test-method signature="TestCase2()[pri:0, instance:com.appDemo.Test.TestDemo@3ba987b8]" started-at="2024-08-30T11:37:54 IST" name="TestCase2" finished-at="2024-08-30T11:37:54 IST" duration-ms="2" status="PASS">
          <reporter-output>
          </reporter-output>
        </test-method> <!-- TestCase2 -->
        <test-method signature="TestCase3()[pri:0, instance:com.appDemo.Test.TestDemo@3ba987b8]" started-at="2024-08-30T11:37:54 IST" name="TestCase3" finished-at="2024-08-30T11:37:54 IST" duration-ms="12" status="PASS">
          <reporter-output>
          </reporter-output>
        </test-method> <!-- TestCase3 -->
      </class> <!-- com.appDemo.Test.TestDemo -->
    </test> <!-- Default test -->
  </suite> <!-- Default suite -->
</testng-results>
